<?xml version="1.0" encoding="UTF-8"?>
<!-- Generated by org.testng.reporters.JUnitXMLReporter -->
<testsuite hostname="IT-caoyangjun" name="Default test" tests="9" failures="0" timestamp="18 May 2017 08:36:39 GMT" time="119.866" errors="0">
  <testcase name="LoginA" time="3.108" classname="com.oc.testng.OcFiction"/>
  <testcase name="AppQueryButton" time="25.802" classname="com.oc.testng.OcFiction"/>
  <testcase name="AppQueryState" time="8.312" classname="com.oc.testng.OcFiction"/>
  <testcase name="AppLoanType" time="8.236" classname="com.oc.testng.OcFiction"/>
  <testcase name="AppDtail" time="1.187" classname="com.oc.testng.OcFiction"/>
  <testcase name="AppCheckInfo" time="0.0" classname="com.oc.testng.OcFiction"/>
  <testcase name="AuditAllotButton_pos" time="3.346" classname="com.oc.testng.OcFiction"/>
  <testcase name="AuditAllot_pos" time="13.032" classname="com.oc.testng.OcFiction"/>
  <testcase name="ManualAudit_pos" time="49.759" classname="com.oc.testng.OcFiction"/>
</testsuite> <!-- Default test -->
