<?xml version="1.0" encoding="UTF-8"?>
<!-- Generated by org.testng.reporters.JUnitXMLReporter -->
<testsuite hostname="test-PC" name="oc" tests="5" failures="0" timestamp="18 Apr 2017 06:57:13 GMT" time="148.849" errors="0">
  <testcase name="Login" time="0.782" classname="com.sa.testng.Sa"/>
  <testcase name="NewApply" time="24.744" classname="com.sa.testng.Sa"/>
  <testcase name="LoanInfo" time="14.656" classname="com.sa.testng.Sa"/>
  <testcase name="Upload" time="19.022" classname="com.sa.testng.Sa"/>
  <testcase name="BasicInfo" time="84.151" classname="com.sa.testng.Sa"/>
</testsuite> <!-- oc -->
